<?xml version="1.0" encoding="UTF-8"?>
<!-- Generated by org.testng.reporters.JUnitReportReporter -->
<testsuite hostname="KUSH1107" failures="0" tests="4" name="api.test.UserTests_Properties" time="9.057" errors="0" timestamp="2023-04-23T02:29:44 IST" skipped="0">
  <testcase classname="api.test.UserTests_Properties" name="testPostUser" time="4.668"/>
  <system-out/>
  <testcase classname="api.test.UserTests_Properties" name="testGetUserByName" time="1.117"/>
  <system-out/>
  <testcase classname="api.test.UserTests_Properties" name="testUpdateUserByName" time="2.200"/>
  <system-out/>
  <testcase classname="api.test.UserTests_Properties" name="testDeleteUserByName" time="1.072"/>
  <system-out/>
</testsuite> <!-- api.test.UserTests_Properties -->
