<?xml version="1.0" encoding="UTF-8"?>
<!-- Generated by org.testng.reporters.JUnitReportReporter -->
<testsuite hostname="KUSH1107" failures="0" tests="6" name="api.test.DataDrivenTests" time="10.458" errors="0" timestamp="2023-04-22T16:18:06 IST" skipped="0">
  <testcase classname="api.test.DataDrivenTests" name="testPostuser" time="1.129"/>
  <system-out/>
  <testcase classname="api.test.DataDrivenTests" name="testPostuser" time="1.055"/>
  <system-out/>
  <testcase classname="api.test.DataDrivenTests" name="testPostuser" time="4.985"/>
  <system-out/>
  <testcase classname="api.test.DataDrivenTests" name="testDeleteUserByName" time="1.074"/>
  <system-out/>
  <testcase classname="api.test.DataDrivenTests" name="testDeleteUserByName" time="1.101"/>
  <system-out/>
  <testcase classname="api.test.DataDrivenTests" name="testDeleteUserByName" time="1.114"/>
  <system-out/>
</testsuite> <!-- api.test.DataDrivenTests -->
