<?xml version="1.0" encoding="UTF-8"?>
<!-- Generated by org.testng.reporters.JUnitReportReporter -->
<testsuite hostname="KUSH1107" failures="0" tests="4" name="api.test.UserTests" time="9.366" errors="0" timestamp="2023-04-23T14:24:37 IST" skipped="0">
  <testcase classname="api.test.UserTests" name="testPostUser" time="4.948"/>
  <system-out/>
  <testcase classname="api.test.UserTests" name="testGetUserByName" time="1.119"/>
  <system-out/>
  <testcase classname="api.test.UserTests" name="testUpdateUserByName" time="2.191"/>
  <system-out/>
  <testcase classname="api.test.UserTests" name="testDeleteUserByName" time="1.108"/>
  <system-out/>
</testsuite> <!-- api.test.UserTests -->
